Arguments: 
  /home/local/CONDUCTOR/g.santos/.asdf/installs/nodejs/18.15.0/bin/node /home/local/CONDUCTOR/g.santos/.asdf/installs/yarn/1.22.19/bin/yarn.js init

PATH: 
  /home/local/CONDUCTOR/g.santos/.asdf/plugins/nodejs/shims:/home/local/CONDUCTOR/g.santos/.asdf/installs/nodejs/18.15.0/.npm/bin:/home/local/CONDUCTOR/g.santos/.asdf/installs/nodejs/18.15.0/bin:/home/local/CONDUCTOR/g.santos/.asdf/installs/yarn/1.22.19/bin:/home/local/CONDUCTOR/g.santos/.asdf/shims:/home/local/CONDUCTOR/g.santos/.asdf/bin:/home/local/CONDUCTOR/g.santos/.local/bin:/usr/local/sbin:/usr/local/bin:/usr/sbin:/usr/bin:/sbin:/bin:/usr/games:/usr/local/games:/snap/bin:/snap/bin:/home/local/CONDUCTOR/g.santos/.local/bin:/home/local/CONDUCTOR/g.santos/dock/aplicativos/sonar-scanner-4.7.0.2747-linux/bin:/home/local/CONDUCTOR/g.santos/dock/aplicativos/micro:/home/local/CONDUCTOR/g.santos/.local/bin:/home/local/CONDUCTOR/g.santos/.local/bin:/home/local/CONDUCTOR/g.santos/dock/aplicativos/sonar-scanner-4.7.0.2747-linux/bin:/home/local/CONDUCTOR/g.santos/dock/aplicativos/micro:/home/local/CONDUCTOR/g.santos/.local/bin

Yarn version: 
  1.22.19

Node version: 
  18.15.0

Platform: 
  linux x64

Trace: 
  Error: canceled
      at Interface.<anonymous> (/home/local/CONDUCTOR/g.santos/.asdf/installs/yarn/1.22.19/lib/cli.js:137150:13)
      at Interface.emit (node:events:513:28)
      at [_ttyWrite] [as _ttyWrite] (node:internal/readline/interface:1131:18)
      at ReadStream.onkeypress (node:internal/readline/interface:270:20)
      at ReadStream.emit (node:events:513:28)
      at emitKeys (node:internal/readline/utils:357:14)
      at emitKeys.next (<anonymous>)
      at ReadStream.onData (node:internal/readline/emitKeypressEvents:64:36)
      at ReadStream.emit (node:events:513:28)
      at addChunk (node:internal/streams/readable:324:12)

npm manifest: 
  No manifest

yarn manifest: 
  No manifest

Lockfile: 
  No lockfile
